<?xml version="1.0" encoding="UTF-8"?>
<!-- Generated by org.testng.reporters.JUnitReportReporter -->
<testsuite hostname="KashifAli" name="tests.OnboardingPageTests" tests="14" failures="0" timestamp="10 Jul 2018 12:55:52 GMT" time="40.114" errors="0">
  <testcase name="lookingForDoctorPage" time="0.165" classname="tests.OnboardingPageTests"/>
  <testcase name="visibilityOfSkipButtonOnPage2" time="0.160" classname="tests.OnboardingPageTests"/>
  <testcase name="visibilityOfSkipButton" time="0.163" classname="tests.OnboardingPageTests"/>
  <testcase name="clickOnSkipButtonOnOnboardingPage1" time="27.726" classname="tests.OnboardingPageTests"/>
  <testcase name="visibilityOfAppointmentOnTheGoText" time="0.287" classname="tests.OnboardingPageTests"/>
  <testcase name="tapDoneButton" time="3.220" classname="tests.OnboardingPageTests"/>
  <testcase name="findGoodDoctorTextTest" time="4.458" classname="tests.OnboardingPageTests"/>
  <testcase name="visibilityOfFindBestDocText" time="0.262" classname="tests.OnboardingPageTests"/>
  <testcase name="visibilityOfFindBestDocTextonPage3" time="0.260" classname="tests.OnboardingPageTests"/>
  <testcase name="visibilityOfFindQuestionsText" time="1.098" classname="tests.OnboardingPageTests"/>
  <testcase name="isSkipButtonEnabled" time="0.113" classname="tests.OnboardingPageTests"/>
  <testcase name="findDoctorCoverageTextTest" time="0.337" classname="tests.OnboardingPageTests"/>
  <testcase name="againClickOnNextPageButton" time="0.089" classname="tests.OnboardingPageTests"/>
  <testcase name="clickOnNextPageButton" time="1.776" classname="tests.OnboardingPageTests"/>
</testsuite> <!-- tests.OnboardingPageTests -->
