<?xml version="1.0" encoding="UTF-8"?>
<!-- Generated by org.testng.reporters.JUnitReportReporter -->
<testsuite hostname="KashifAli" name="tests.LookingForDoctorPageTests" tests="6" failures="0" timestamp="10 Jul 2018 12:55:52 GMT" time="1.053" errors="0">
  <testcase name="isLoginWithEmailButtonVisible" time="0.169" classname="tests.LookingForDoctorPageTests"/>
  <testcase name="isSkipThisStepTextVisible" time="0.209" classname="tests.LookingForDoctorPageTests"/>
  <testcase name="isSignupTextVisible" time="0.178" classname="tests.LookingForDoctorPageTests"/>
  <testcase name="isFindBestDoctorTextVisible" time="0.201" classname="tests.LookingForDoctorPageTests"/>
  <testcase name="isLoginWithEmailButtonEnabled" time="0.052" classname="tests.LookingForDoctorPageTests"/>
  <testcase name="isDontHaveAccountTextVisible" time="0.244" classname="tests.LookingForDoctorPageTests"/>
</testsuite> <!-- tests.LookingForDoctorPageTests -->
