<?xml version="1.0" encoding="UTF-8"?>
<!-- Generated by org.testng.reporters.JUnitReportReporter -->
<testsuite hostname="KashifAli" name="tests.LoginPageTests" tests="10" failures="0" timestamp="10 Jul 2018 12:55:52 GMT" time="12.600" errors="0">
  <testcase name="isEmailFieldVisible" time="0.153" classname="tests.LoginPageTests"/>
  <testcase name="clickOnCONTINUEButton" time="7.025" classname="tests.LoginPageTests"/>
  <testcase name="isPasswordFieldVisible" time="0.675" classname="tests.LoginPageTests"/>
  <testcase name="clickOnSignInButton" time="0.922" classname="tests.LoginPageTests"/>
  <testcase name="isSignUpNowLinkTextVisible" time="0.194" classname="tests.LoginPageTests"/>
  <testcase name="isSignInButtonVisible" time="0.627" classname="tests.LoginPageTests"/>
  <testcase name="enterEmail" time="0.873" classname="tests.LoginPageTests"/>
  <testcase name="isDontHaveAccountLinkTextVisible" time="0.157" classname="tests.LoginPageTests"/>
  <testcase name="clickOnLoginWithEmailButton" time="1.331" classname="tests.LoginPageTests"/>
  <testcase name="enterPassword" time="0.643" classname="tests.LoginPageTests"/>
</testsuite> <!-- tests.LoginPageTests -->
